<?xml version="1.0" encoding="UTF-8"?>
<!-- Generated by org.testng.reporters.JUnitReportReporter -->
<testsuite hostname="DESKTOP-GET1OHG" failures="0" tests="1" name="day09.Project" time="18.927" errors="0" timestamp="2023-03-02T09:43:54 IST" skipped="0">
  <testcase classname="day09.Project" name="testCase01" time="18.927"/>
  <system-out/>
</testsuite> <!-- day09.Project -->
