<?xml version="1.0" encoding="UTF-8"?>
<!-- Generated by org.testng.reporters.JUnitReportReporter -->
<testsuite hostname="DESKTOP-GET1OHG" failures="0" tests="2" name="day05.Program04" time="0.009" errors="0" timestamp="2023-02-23T09:49:01 IST" skipped="0">
  <testcase classname="day05.Program04" name="testCase04" time="0.001"/>
  <system-out/>
  <testcase classname="day05.Program04" name="testCase02" time="0.008"/>
  <system-out/>
</testsuite> <!-- day05.Program04 -->
