<?xml version="1.0" encoding="UTF-8"?>
<!-- Generated by org.testng.reporters.JUnitReportReporter -->
<testsuite hostname="DESKTOP-GET1OHG" failures="0" tests="3" name="day05.Program01" time="0.005" errors="0" timestamp="2023-02-23T09:49:01 IST" skipped="0">
  <testcase classname="day05.Program01" name="testCase01" time="0.001"/>
  <system-out/>
  <testcase classname="day05.Program01" name="testCase02" time="0.002"/>
  <system-out/>
  <testcase classname="day05.Program01" name="testCase04" time="0.002"/>
  <system-out/>
</testsuite> <!-- day05.Program01 -->
