<?xml version="1.0" encoding="UTF-8"?>
<!-- Generated by org.testng.reporters.JUnitReportReporter -->
<testsuite hostname="DESKTOP-GET1OHG" failures="0" tests="10" name="day05.Program04" time="0.031" errors="0" timestamp="2023-02-23T22:46:29 IST" skipped="0">
  <testcase classname="day05.Program04" name="testCase02" time="0.004"/>
  <system-out/>
  <testcase classname="day05.Program04" name="testCase02" time="0.001"/>
  <system-out/>
  <testcase classname="day05.Program04" name="testCase02" time="0.001"/>
  <system-out/>
  <testcase classname="day05.Program04" name="testCase02" time="0.011"/>
  <system-out/>
  <testcase classname="day05.Program04" name="testCase02" time="0.001"/>
  <system-out/>
  <testcase classname="day05.Program04" name="testCase02" time="0.002"/>
  <system-out/>
  <testcase classname="day05.Program04" name="testCase02" time="0.004"/>
  <system-out/>
  <testcase classname="day05.Program04" name="testCase02" time="0.003"/>
  <system-out/>
  <testcase classname="day05.Program04" name="testCase02" time="0.001"/>
  <system-out/>
  <testcase classname="day05.Program04" name="testCase02" time="0.003"/>
  <system-out/>
</testsuite> <!-- day05.Program04 -->
