<?xml version="1.0" encoding="UTF-8"?>
<!-- Generated by org.testng.reporters.JUnitReportReporter -->
<testsuite hostname="DESKTOP-GET1OHG" failures="0" tests="10" name="day06.Program01" time="0.034" errors="0" timestamp="2023-02-24T09:14:33 IST" skipped="0">
  <testcase classname="day06.Program01" name="testCase01" time="0.002"/>
  <system-out/>
  <testcase classname="day06.Program01" name="testCase01" time="0.004"/>
  <system-out/>
  <testcase classname="day06.Program01" name="testCase01" time="0.002"/>
  <system-out/>
  <testcase classname="day06.Program01" name="testCase01" time="0.004"/>
  <system-out/>
  <testcase classname="day06.Program01" name="testCase01" time="0.009"/>
  <system-out/>
  <testcase classname="day06.Program01" name="testCase01" time="0.001"/>
  <system-out/>
  <testcase classname="day06.Program01" name="testCase01" time="0.006"/>
  <system-out/>
  <testcase classname="day06.Program01" name="testCase01" time="0.003"/>
  <system-out/>
  <testcase classname="day06.Program01" name="testCase01" time="0.001"/>
  <system-out/>
  <testcase classname="day06.Program01" name="testCase01" time="0.002"/>
  <system-out/>
</testsuite> <!-- day06.Program01 -->
