<?xml version="1.0" encoding="UTF-8"?>
<!-- Generated by org.testng.reporters.JUnitReportReporter -->
<testsuite hostname="DESKTOP-GET1OHG" failures="0" tests="4" name="day05.Program03" time="0.006" errors="0" timestamp="2023-02-23T09:45:03 IST" skipped="1">
  <testcase classname="day05.Program03" name="testCase03" time="0.002"/>
  <system-out/>
  <testcase classname="day05.Program03" name="testCase01" time="0.002"/>
  <system-out/>
  <testcase classname="day05.Program03" name="testCase04" time="0.002"/>
  <system-out/>
  <testcase classname="day05.Program03" name="testCase02">
    <skipped/>
  </testcase> <!-- testCase02 -->
  <system-out/>
</testsuite> <!-- day05.Program03 -->
