<?xml version="1.0" encoding="UTF-8"?>
<!-- Generated by org.testng.reporters.JUnitReportReporter -->
<testsuite hostname="DESKTOP-GET1OHG" failures="0" tests="1" name="day06.Program05" time="7.517" errors="0" timestamp="2023-02-24T09:54:11 IST" skipped="0">
  <testcase classname="day06.Program05" name="testcase" time="7.517"/>
  <system-out/>
</testsuite> <!-- day06.Program05 -->
