<?xml version="1.0" encoding="UTF-8"?>
<!-- Generated by org.testng.reporters.JUnitReportReporter -->
<testsuite hostname="DESKTOP-GET1OHG" failures="0" tests="3" name="day06.Program04" time="29.356" errors="0" timestamp="2023-02-24T09:41:20 IST" skipped="0">
  <testcase classname="day06.Program04" name="logIn" time="9.478"/>
  <system-out/>
  <testcase classname="day06.Program04" name="logIn" time="7.725"/>
  <system-out/>
  <testcase classname="day06.Program04" name="logIn" time="12.153"/>
  <system-out/>
</testsuite> <!-- day06.Program04 -->
