<?xml version="1.0" encoding="UTF-8"?>
<!-- Generated by org.testng.reporters.JUnitReportReporter -->
<testsuite hostname="DESKTOP-GET1OHG" failures="0" tests="2" name="day06.Program02" time="0.010" errors="0" timestamp="2023-02-24T09:22:44 IST" skipped="0">
  <testcase classname="day06.Program02" name="testCase02" time="0.008"/>
  <system-out/>
  <testcase classname="day06.Program02" name="testCase04" time="0.002"/>
  <system-out/>
</testsuite> <!-- day06.Program02 -->
