<?xml version="1.0" encoding="UTF-8"?>
<!-- Generated by org.testng.reporters.JUnitReportReporter -->
<testsuite hostname="DESKTOP-GET1OHG" failures="0" tests="3" name="day06.Program03" time="0.012" errors="0" timestamp="2023-02-24T09:37:06 IST" skipped="0">
  <testcase classname="day06.Program03" name="logIn" time="0.008"/>
  <system-out/>
  <testcase classname="day06.Program03" name="logIn" time="0.003"/>
  <system-out/>
  <testcase classname="day06.Program03" name="logIn" time="0.001"/>
  <system-out/>
</testsuite> <!-- day06.Program03 -->
