<?xml version="1.0" encoding="UTF-8"?>
<!-- Generated by org.testng.reporters.JUnitReportReporter -->
<testsuite hostname="DESKTOP-GET1OHG" failures="0" tests="1" name="day05.Program01" time="0.013" errors="0" timestamp="2023-02-23T09:22:14 IST" skipped="0">
  <testcase classname="day05.Program01" name="testCase02" time="0.013"/>
  <system-out/>
</testsuite> <!-- day05.Program01 -->
