<?xml version="1.0" encoding="UTF-8"?>
<!-- Generated by org.testng.reporters.JUnitReportReporter -->
<testsuite hostname="DESKTOP-GET1OHG" failures="0" tests="4" name="day05.Program02" time="0.014" errors="0" timestamp="2023-02-23T09:27:18 IST" skipped="0">
  <testcase classname="day05.Program02" name="testCase02" time="0.009"/>
  <system-out/>
  <testcase classname="day05.Program02" name="testCase03" time="0.002"/>
  <system-out/>
  <testcase classname="day05.Program02" name="testCase01" time="0.001"/>
  <system-out/>
  <testcase classname="day05.Program02" name="testCase04" time="0.002"/>
  <system-out/>
</testsuite> <!-- day05.Program02 -->
